<?xml version="1.0" encoding="UTF-8"?>
<robot generator="Robot 7.1.1 (Python 3.12.3 on linux)" generated="2024-11-19T08:42:27.079419" rpa="false" schemaversion="5">
<suite id="s1" name="Testesweb" source="/home/usernoteponto/Documentos/projects/robotFramework-basico/webtesting/testesweb.robot">
<test id="s1-t1" name="Caso de teste 01 - Acesso site amazon" line="9">
<kw name="Abrir o navegador" owner="testesweb_resources" type="SETUP">
<kw name="Open Browser" owner="SeleniumLibrary">
<msg time="2024-11-19T08:42:27.269873" level="INFO">Opening browser 'firefox' to base url 'None'.</msg>
<doc>Opens a new browser instance to the optional ``url``.</doc>
<status status="PASS" start="2024-11-19T08:42:27.269679" elapsed="3.881734"/>
</kw>
<kw name="Maximize Browser Window" owner="SeleniumLibrary">
<doc>Maximizes current browser window.</doc>
<status status="PASS" start="2024-11-19T08:42:31.151718" elapsed="0.275574"/>
</kw>
<status status="PASS" start="2024-11-19T08:42:27.268793" elapsed="4.158972"/>
</kw>
<kw name="Acessar home page amazon" owner="testesweb_resources">
<kw name="Go To" owner="SeleniumLibrary">
<msg time="2024-11-19T08:42:31.429673" level="INFO">Opening url 'https://www.amazon.com.br/'</msg>
<arg>url=${URL}</arg>
<doc>Navigates the current browser window to the provided ``url``.</doc>
<status status="PASS" start="2024-11-19T08:42:31.429099" elapsed="1.865096"/>
</kw>
<kw name="Wait Until Element Is Visible" owner="SeleniumLibrary">
<arg>locator=${ELETRONICOS}</arg>
<doc>Waits until the element ``locator`` is visible.</doc>
<status status="PASS" start="2024-11-19T08:42:33.294620" elapsed="0.546295"/>
</kw>
<status status="PASS" start="2024-11-19T08:42:31.428429" elapsed="2.412756"/>
</kw>
<kw name=" Clicar com menu eletronicos" owner="testesweb_resources">
<kw name="Click Element" owner="SeleniumLibrary">
<msg time="2024-11-19T08:42:33.843219" level="INFO">Clicking element '//a[contains(text(), 'Eletrônicos') and contains(@class, 'nav-a')]'.</msg>
<arg>locator=${ELETRONICOS}</arg>
<doc>Click the element identified by ``locator``.</doc>
<status status="PASS" start="2024-11-19T08:42:33.842434" elapsed="3.376585"/>
</kw>
<status status="PASS" start="2024-11-19T08:42:33.841763" elapsed="3.377518"/>
</kw>
<kw name=" Verificar se aparece o texto &quot;eletronicos e tecnologia&quot;" owner="testesweb_resources">
<kw name="Wait Until Page Contains" owner="SeleniumLibrary">
<arg>text=Eletrônicos e Tecnologia</arg>
<doc>Waits until ``text`` appears on the current page.</doc>
<status status="PASS" start="2024-11-19T08:42:37.220492" elapsed="0.141557"/>
</kw>
<kw name="Wait Until Element Is Visible" owner="SeleniumLibrary">
<arg>locator=${MENU_ELETRONICOS}</arg>
<doc>Waits until the element ``locator`` is visible.</doc>
<status status="PASS" start="2024-11-19T08:42:37.362551" elapsed="0.280559"/>
</kw>
<status status="PASS" start="2024-11-19T08:42:37.219816" elapsed="0.423463"/>
</kw>
<tag>categorias</tag>
<tag>menus</tag>
<status status="PASS" start="2024-11-19T08:42:27.267763" elapsed="10.375814"/>
</test>
<status status="PASS" start="2024-11-19T08:42:27.080896" elapsed="10.563418"/>
</suite>
<statistics>
<total>
<stat pass="1" fail="0" skip="0">All Tests</stat>
</total>
<tag>
<stat pass="1" fail="0" skip="0">categorias</stat>
<stat pass="1" fail="0" skip="0">menus</stat>
</tag>
<suite>
<stat pass="1" fail="0" skip="0" id="s1" name="Testesweb">Testesweb</stat>
</suite>
</statistics>
<errors>
</errors>
</robot>
