<?xml version="1.0" encoding="UTF-8"?>
<robot generator="Robot 7.1.1 (Python 3.12.3 on linux)" generated="2024-11-18T22:17:52.721636" rpa="false" schemaversion="5">
<suite id="s1" name="Testesweb" source="/home/usernoteponto/Documentos/projects/robotFramework-basico/webtesting/testesweb.robot">
<test id="s1-t1" name="Caso de teste 01 - Acesso site amazon" line="9">
<kw name="Abrir o navegador" owner="testesweb_resources" type="SETUP">
<kw name="Open Browser" owner="SeleniumLibrary">
<msg time="2024-11-18T22:17:52.908553" level="INFO">Opening browser 'firefox' to base url 'None'.</msg>
<doc>Opens a new browser instance to the optional ``url``.</doc>
<status status="PASS" start="2024-11-18T22:17:52.908324" elapsed="3.820932"/>
</kw>
<status status="PASS" start="2024-11-18T22:17:52.907379" elapsed="3.822303"/>
</kw>
<kw name="Acessar home page amazon">
<msg time="2024-11-18T22:17:56.734593" level="FAIL">No keyword with name 'Acessar home page amazon' found.</msg>
<status status="FAIL" start="2024-11-18T22:17:56.734443" elapsed="0.000278">No keyword with name 'Acessar home page amazon' found.</status>
</kw>
<kw name="Entrar no menu eletronicos">
<status status="NOT RUN" start="2024-11-18T22:17:56.735319" elapsed="0.000103"/>
</kw>
<kw name="verificar se o titulo da pagina fica eletronicos">
<status status="NOT RUN" start="2024-11-18T22:17:56.735884" elapsed="0.000170"/>
</kw>
<kw name="verificar se aparece a frase xxxx">
<status status="NOT RUN" start="2024-11-18T22:17:56.736728" elapsed="0.000149"/>
</kw>
<tag>categorias</tag>
<tag>menus</tag>
<status status="FAIL" start="2024-11-18T22:17:52.906331" elapsed="3.831322">No keyword with name 'Acessar home page amazon' found.</status>
</test>
<status status="FAIL" start="2024-11-18T22:17:52.723009" elapsed="4.016689"/>
</suite>
<statistics>
<total>
<stat pass="0" fail="1" skip="0">All Tests</stat>
</total>
<tag>
<stat pass="0" fail="1" skip="0">categorias</stat>
<stat pass="0" fail="1" skip="0">menus</stat>
</tag>
<suite>
<stat pass="0" fail="1" skip="0" id="s1" name="Testesweb">Testesweb</stat>
</suite>
</statistics>
<errors>
</errors>
</robot>
