<?xml version="1.0" encoding="UTF-8"?>
<robot generator="Robot 7.1.1 (Python 3.12.3 on linux)" generated="2024-11-18T22:54:47.591578" rpa="false" schemaversion="5">
<suite id="s1" name="Testesweb" source="/home/usernoteponto/Documentos/projects/robotFramework-basico/webtesting/testesweb.robot">
<test id="s1-t1" name="Caso de teste 01 - Acesso site amazon" line="9">
<kw name="Abrir o navegador" owner="testesweb_resources" type="SETUP">
<kw name="Open Browser" owner="SeleniumLibrary">
<msg time="2024-11-18T22:54:47.780138" level="INFO">Opening browser 'firefox' to base url 'None'.</msg>
<doc>Opens a new browser instance to the optional ``url``.</doc>
<status status="PASS" start="2024-11-18T22:54:47.779946" elapsed="4.087740"/>
</kw>
<status status="PASS" start="2024-11-18T22:54:47.779048" elapsed="4.089257"/>
</kw>
<kw name="Acessar home page amazon" owner="testesweb_resources">
<kw name="Go To" owner="SeleniumLibrary">
<msg time="2024-11-18T22:54:51.871489" level="INFO">Opening url 'https://www.amazon.com.br/'</msg>
<arg>url=${URL}</arg>
<doc>Navigates the current browser window to the provided ``url``.</doc>
<status status="PASS" start="2024-11-18T22:54:51.870472" elapsed="1.825636"/>
</kw>
<kw name="Wait Until Element Is Visible" owner="SeleniumLibrary">
<arg>locator=${ELETRONICOS}</arg>
<doc>Waits until the element ``locator`` is visible.</doc>
<status status="PASS" start="2024-11-18T22:54:53.696697" elapsed="1.089847"/>
</kw>
<status status="PASS" start="2024-11-18T22:54:51.869336" elapsed="2.917859"/>
</kw>
<tag>categorias</tag>
<tag>menus</tag>
<status status="PASS" start="2024-11-18T22:54:47.778015" elapsed="7.013563"/>
</test>
<status status="PASS" start="2024-11-18T22:54:47.593034" elapsed="7.203248"/>
</suite>
<statistics>
<total>
<stat pass="1" fail="0" skip="0">All Tests</stat>
</total>
<tag>
<stat pass="1" fail="0" skip="0">categorias</stat>
<stat pass="1" fail="0" skip="0">menus</stat>
</tag>
<suite>
<stat pass="1" fail="0" skip="0" id="s1" name="Testesweb">Testesweb</stat>
</suite>
</statistics>
<errors>
</errors>
</robot>
